# JRE version: OpenJDK Runtime Environment (11.0.12+7) (build 11.0.12+7-b1504.28-7817840)
# Java VM: OpenJDK 64-Bit Server VM (11.0.12+7-b1504.28-7817840, mixed mode, tiered, compressed oops, g1 gc, windows-amd64)
Heap:
 garbage-first heap   total 284672K, used 115248K [0x0000000080000000, 0x0000000100000000)
  region size 1024K, 3 young (3072K), 3 survivors (3072K)
 Metaspace       used 116396K, capacity 119762K, committed 119864K, reserved 1171456K
  class space    used 14846K, capacity 16134K, committed 16228K, reserved 1048576K
GC Heap History (20 events):
Event: 32.862 GC heap before
{Heap before GC invocations=16 (full 0):
 garbage-first heap   total 236544K, used 151302K [0x0000000080000000, 0x0000000100000000)
  region size 1024K, 101 young (103424K), 12 survivors (12288K)
 Metaspace       used 78923K, capacity 80853K, committed 81060K, reserved 1120256K
  class space    used 10311K, capacity 10987K, committed 11008K, reserved 1048576K
}
Event: 32.901 GC heap after
{Heap after GC invocations=17 (full 0):
 garbage-first heap   total 236544K, used 65823K [0x0000000080000000, 0x0000000100000000)
  region size 1024K, 12 young (12288K), 12 survivors (12288K)
 Metaspace       used 78923K, capacity 80853K, committed 81060K, reserved 1120256K
  class space    used 10311K, capacity 10987K, committed 11008K, reserved 1048576K
}
Event: 36.122 GC heap before
{Heap before GC invocations=17 (full 0):
 garbage-first heap   total 236544K, used 157983K [0x0000000080000000, 0x0000000100000000)
  region size 1024K, 103 young (105472K), 12 survivors (12288K)
 Metaspace       used 84777K, capacity 87065K, committed 87332K, reserved 1124352K
  class space    used 11025K, capacity 11830K, committed 11904K, reserved 1048576K
}
Event: 36.174 GC heap after
{Heap after GC invocations=18 (full 0):
 garbage-first heap   total 236544K, used 74180K [0x0000000080000000, 0x0000000100000000)
  region size 1024K, 13 young (13312K), 13 survivors (13312K)
 Metaspace       used 84777K, capacity 87065K, committed 87332K, reserved 1124352K
  class space    used 11025K, capacity 11830K, committed 11904K, reserved 1048576K
}
Event: 38.923 GC heap before
{Heap before GC invocations=18 (full 0):
 garbage-first heap   total 236544K, used 165316K [0x0000000080000000, 0x0000000100000000)
  region size 1024K, 103 young (105472K), 13 survivors (13312K)
 Metaspace       used 85720K, capacity 87982K, committed 88100K, reserved 1126400K
  class space    used 11076K, capacity 11862K, committed 11904K, reserved 1048576K
}
Event: 38.981 GC heap after
{Heap after GC invocations=19 (full 0):
 garbage-first heap   total 236544K, used 81781K [0x0000000080000000, 0x0000000100000000)
  region size 1024K, 7 young (7168K), 7 survivors (7168K)
 Metaspace       used 85720K, capacity 87982K, committed 88100K, reserved 1126400K
  class space    used 11076K, capacity 11862K, committed 11904K, reserved 1048576K
}
Event: 44.353 GC heap before
{Heap before GC invocations=19 (full 0):
 garbage-first heap   total 236544K, used 173941K [0x0000000080000000, 0x0000000100000000)
  region size 1024K, 96 young (98304K), 7 survivors (7168K)
 Metaspace       used 93609K, capacity 96087K, committed 96292K, reserved 1132544K
  class space    used 12023K, capacity 12869K, committed 12928K, reserved 1048576K
}
Event: 44.405 GC heap after
{Heap after GC invocations=20 (full 0):
 garbage-first heap   total 236544K, used 96384K [0x0000000080000000, 0x0000000100000000)
  region size 1024K, 12 young (12288K), 12 survivors (12288K)
 Metaspace       used 93609K, capacity 96087K, committed 96292K, reserved 1132544K
  class space    used 12023K, capacity 12869K, committed 12928K, reserved 1048576K
}
Event: 53.559 GC heap before
{Heap before GC invocations=20 (full 0):
 garbage-first heap   total 236544K, used 176256K [0x0000000080000000, 0x0000000100000000)
  region size 1024K, 91 young (93184K), 12 survivors (12288K)
 Metaspace       used 96688K, capacity 99375K, committed 99492K, reserved 1136640K
  class space    used 12286K, capacity 13235K, committed 13312K, reserved 1048576K
}
Event: 53.606 GC heap after
{Heap after GC invocations=21 (full 0):
 garbage-first heap   total 284672K, used 99328K [0x0000000080000000, 0x0000000100000000)
  region size 1024K, 7 young (7168K), 7 survivors (7168K)
 Metaspace       used 96688K, capacity 99375K, committed 99492K, reserved 1136640K
  class space    used 12286K, capacity 13235K, committed 13312K, reserved 1048576K
}
Event: 56.861 GC heap before
{Heap before GC invocations=21 (full 0):
 garbage-first heap   total 284672K, used 198656K [0x0000000080000000, 0x0000000100000000)
  region size 1024K, 102 young (104448K), 7 survivors (7168K)
 Metaspace       used 98343K, capacity 101064K, committed 101180K, reserved 1136640K
  class space    used 12521K, capacity 13523K, committed 13568K, reserved 1048576K
}
Event: 56.900 GC heap after
{Heap after GC invocations=22 (full 0):
 garbage-first heap   total 284672K, used 105846K [0x0000000080000000, 0x0000000100000000)
  region size 1024K, 13 young (13312K), 13 survivors (13312K)
 Metaspace       used 98343K, capacity 101064K, committed 101180K, reserved 1136640K
  class space    used 12521K, capacity 13523K, committed 13568K, reserved 1048576K
}
Event: 60.936 GC heap before
{Heap before GC invocations=23 (full 0):
 garbage-first heap   total 284672K, used 204150K [0x0000000080000000, 0x0000000100000000)
  region size 1024K, 110 young (112640K), 13 survivors (13312K)
 Metaspace       used 108278K, capacity 111391K, committed 111544K, reserved 1146880K
  class space    used 13822K, capacity 14976K, committed 15076K, reserved 1048576K
}
Event: 61.013 GC heap after
{Heap after GC invocations=24 (full 0):
 garbage-first heap   total 284672K, used 114688K [0x0000000080000000, 0x0000000100000000)
  region size 1024K, 14 young (14336K), 14 survivors (14336K)
 Metaspace       used 108278K, capacity 111391K, committed 111544K, reserved 1146880K
  class space    used 13822K, capacity 14976K, committed 15076K, reserved 1048576K
}
Event: 63.806 GC heap before
{Heap before GC invocations=25 (full 0):
 garbage-first heap   total 284672K, used 210944K [0x0000000080000000, 0x0000000100000000)
  region size 1024K, 110 young (112640K), 14 survivors (14336K)
 Metaspace       used 110665K, capacity 113917K, committed 114104K, reserved 1148928K
  class space    used 14065K, capacity 15280K, committed 15332K, reserved 1048576K
}
Event: 63.853 GC heap after
{Heap after GC invocations=26 (full 0):
 garbage-first heap   total 284672K, used 116428K [0x0000000080000000, 0x0000000100000000)
  region size 1024K, 3 young (3072K), 3 survivors (3072K)
 Metaspace       used 110665K, capacity 113917K, committed 114104K, reserved 1148928K
  class space    used 14065K, capacity 15280K, committed 15332K, reserved 1048576K
}
Event: 68.841 GC heap before
{Heap before GC invocations=26 (full 0):
 garbage-first heap   total 284672K, used 218828K [0x0000000080000000, 0x0000000100000000)
  region size 1024K, 101 young (103424K), 3 survivors (3072K)
 Metaspace       used 113774K, capacity 117110K, committed 117432K, reserved 1150976K
  class space    used 14523K, capacity 15765K, committed 15844K, reserved 1048576K
}
Event: 68.869 GC heap after
{Heap after GC invocations=27 (full 0):
 garbage-first heap   total 284672K, used 115127K [0x0000000080000000, 0x0000000100000000)
  region size 1024K, 3 young (3072K), 3 survivors (3072K)
 Metaspace       used 113774K, capacity 117110K, committed 117432K, reserved 1150976K
  class space    used 14523K, capacity 15765K, committed 15844K, reserved 1048576K
}
Event: 69.989 GC heap before
{Heap before GC invocations=27 (full 0):
 garbage-first heap   total 284672K, used 145847K [0x0000000080000000, 0x0000000100000000)
  region size 1024K, 34 young (34816K), 3 survivors (3072K)
 Metaspace       used 116396K, capacity 119762K, committed 119864K, reserved 1169408K
  class space    used 14846K, capacity 16134K, committed 16228K, reserved 1048576K
}
Event: 70.002 GC heap after
{Heap after GC invocations=28 (full 0):
 garbage-first heap   total 284672K, used 115248K [0x0000000080000000, 0x0000000100000000)
  region size 1024K, 3 young (3072K), 3 survivors (3072K)
 Metaspace       used 116396K, capacity 119762K, committed 119864K, reserved 1169408K
  class space    used 14846K, capacity 16134K, committed 16228K, reserved 1048576K
}

