# JRE version: OpenJDK Runtime Environment (11.0.12+7) (build 11.0.12+7-b1504.28-7817840)
# Java VM: OpenJDK 64-Bit Server VM (11.0.12+7-b1504.28-7817840, mixed mode, tiered, compressed oops, g1 gc, windows-amd64)
Heap:
 garbage-first heap   total 196608K, used 146352K [0x0000000080000000, 0x0000000100000000)
  region size 1024K, 49 young (50176K), 8 survivors (8192K)
 Metaspace       used 101144K, capacity 103772K, committed 103996K, reserved 1140736K
  class space    used 12890K, capacity 13830K, committed 13864K, reserved 1048576K
GC Heap History (20 events):
Event: 24.064 GC heap before
{Heap before GC invocations=14 (full 0):
 garbage-first heap   total 196608K, used 129024K [0x0000000080000000, 0x0000000100000000)
  region size 1024K, 79 young (80896K), 2 survivors (2048K)
 Metaspace       used 66348K, capacity 68046K, committed 68156K, reserved 1107968K
  class space    used 8372K, capacity 8939K, committed 9000K, reserved 1048576K
}
Event: 24.079 GC heap after
{Heap after GC invocations=15 (full 0):
 garbage-first heap   total 196608K, used 55261K [0x0000000080000000, 0x0000000100000000)
  region size 1024K, 7 young (7168K), 7 survivors (7168K)
 Metaspace       used 66348K, capacity 68046K, committed 68156K, reserved 1107968K
  class space    used 8372K, capacity 8939K, committed 9000K, reserved 1048576K
}
Event: 25.874 GC heap before
{Heap before GC invocations=16 (full 0):
 garbage-first heap   total 196608K, used 135133K [0x0000000080000000, 0x0000000100000000)
  region size 1024K, 85 young (87040K), 7 survivors (7168K)
 Metaspace       used 71212K, capacity 73006K, committed 73148K, reserved 1112064K
  class space    used 9199K, capacity 9799K, committed 9896K, reserved 1048576K
}
Event: 25.895 GC heap after
{Heap after GC invocations=17 (full 0):
 garbage-first heap   total 196608K, used 59916K [0x0000000080000000, 0x0000000100000000)
  region size 1024K, 6 young (6144K), 6 survivors (6144K)
 Metaspace       used 71212K, capacity 73006K, committed 73148K, reserved 1112064K
  class space    used 9199K, capacity 9799K, committed 9896K, reserved 1048576K
}
Event: 27.429 GC heap before
{Heap before GC invocations=17 (full 0):
 garbage-first heap   total 196608K, used 139788K [0x0000000080000000, 0x0000000100000000)
  region size 1024K, 84 young (86016K), 6 survivors (6144K)
 Metaspace       used 75624K, capacity 77485K, committed 77628K, reserved 1116160K
  class space    used 9839K, capacity 10462K, committed 10536K, reserved 1048576K
}
Event: 27.453 GC heap after
{Heap after GC invocations=18 (full 0):
 garbage-first heap   total 196608K, used 64998K [0x0000000080000000, 0x0000000100000000)
  region size 1024K, 11 young (11264K), 11 survivors (11264K)
 Metaspace       used 75624K, capacity 77485K, committed 77628K, reserved 1116160K
  class space    used 9839K, capacity 10462K, committed 10536K, reserved 1048576K
}
Event: 29.629 GC heap before
{Heap before GC invocations=18 (full 0):
 garbage-first heap   total 196608K, used 143846K [0x0000000080000000, 0x0000000100000000)
  region size 1024K, 89 young (91136K), 11 survivors (11264K)
 Metaspace       used 83543K, capacity 85692K, committed 85948K, reserved 1124352K
  class space    used 10853K, capacity 11600K, committed 11688K, reserved 1048576K
}
Event: 29.661 GC heap after
{Heap after GC invocations=19 (full 0):
 garbage-first heap   total 196608K, used 71853K [0x0000000080000000, 0x0000000100000000)
  region size 1024K, 12 young (12288K), 12 survivors (12288K)
 Metaspace       used 83543K, capacity 85692K, committed 85948K, reserved 1124352K
  class space    used 10853K, capacity 11600K, committed 11688K, reserved 1048576K
}
Event: 32.050 GC heap before
{Heap before GC invocations=19 (full 0):
 garbage-first heap   total 196608K, used 147629K [0x0000000080000000, 0x0000000100000000)
  region size 1024K, 87 young (89088K), 12 survivors (12288K)
 Metaspace       used 85123K, capacity 87293K, committed 87356K, reserved 1124352K
  class space    used 11010K, capacity 11771K, committed 11816K, reserved 1048576K
}
Event: 32.087 GC heap after
{Heap after GC invocations=20 (full 0):
 garbage-first heap   total 196608K, used 78994K [0x0000000080000000, 0x0000000100000000)
  region size 1024K, 7 young (7168K), 7 survivors (7168K)
 Metaspace       used 85123K, capacity 87293K, committed 87356K, reserved 1124352K
  class space    used 11010K, capacity 11771K, committed 11816K, reserved 1048576K
}
Event: 33.797 GC heap before
{Heap before GC invocations=20 (full 0):
 garbage-first heap   total 196608K, used 150674K [0x0000000080000000, 0x0000000100000000)
  region size 1024K, 78 young (79872K), 7 survivors (7168K)
 Metaspace       used 86642K, capacity 88859K, committed 89148K, reserved 1126400K
  class space    used 11170K, capacity 11951K, committed 12072K, reserved 1048576K
}
Event: 33.820 GC heap after
{Heap after GC invocations=21 (full 0):
 garbage-first heap   total 196608K, used 84473K [0x0000000080000000, 0x0000000100000000)
  region size 1024K, 6 young (6144K), 6 survivors (6144K)
 Metaspace       used 86642K, capacity 88859K, committed 89148K, reserved 1126400K
  class space    used 11170K, capacity 11951K, committed 12072K, reserved 1048576K
}
Event: 35.072 GC heap before
{Heap before GC invocations=21 (full 0):
 garbage-first heap   total 196608K, used 154105K [0x0000000080000000, 0x0000000100000000)
  region size 1024K, 75 young (76800K), 6 survivors (6144K)
 Metaspace       used 88835K, capacity 91083K, committed 91196K, reserved 1128448K
  class space    used 11458K, capacity 12240K, committed 12328K, reserved 1048576K
}
Event: 35.092 GC heap after
{Heap after GC invocations=22 (full 0):
 garbage-first heap   total 196608K, used 86797K [0x0000000080000000, 0x0000000100000000)
  region size 1024K, 3 young (3072K), 3 survivors (3072K)
 Metaspace       used 88835K, capacity 91083K, committed 91196K, reserved 1128448K
  class space    used 11458K, capacity 12240K, committed 12328K, reserved 1048576K
}
Event: 41.861 GC heap before
{Heap before GC invocations=22 (full 0):
 garbage-first heap   total 196608K, used 156429K [0x0000000080000000, 0x0000000100000000)
  region size 1024K, 72 young (73728K), 3 survivors (3072K)
 Metaspace       used 91617K, capacity 93943K, committed 94140K, reserved 1130496K
  class space    used 11772K, capacity 12601K, committed 12712K, reserved 1048576K
}
Event: 41.892 GC heap after
{Heap after GC invocations=23 (full 0):
 garbage-first heap   total 196608K, used 95779K [0x0000000080000000, 0x0000000100000000)
  region size 1024K, 9 young (9216K), 9 survivors (9216K)
 Metaspace       used 91617K, capacity 93943K, committed 94140K, reserved 1130496K
  class space    used 11772K, capacity 12601K, committed 12712K, reserved 1048576K
}
Event: 43.837 GC heap before
{Heap before GC invocations=23 (full 0):
 garbage-first heap   total 196608K, used 156195K [0x0000000080000000, 0x0000000100000000)
  region size 1024K, 69 young (70656K), 9 survivors (9216K)
 Metaspace       used 93049K, capacity 95302K, committed 95548K, reserved 1132544K
  class space    used 11945K, capacity 12753K, committed 12840K, reserved 1048576K
}
Event: 43.862 GC heap after
{Heap after GC invocations=24 (full 0):
 garbage-first heap   total 196608K, used 99264K [0x0000000080000000, 0x0000000100000000)
  region size 1024K, 4 young (4096K), 4 survivors (4096K)
 Metaspace       used 93049K, capacity 95302K, committed 95548K, reserved 1132544K
  class space    used 11945K, capacity 12753K, committed 12840K, reserved 1048576K
}
Event: 48.743 GC heap before
{Heap before GC invocations=24 (full 0):
 garbage-first heap   total 196608K, used 150464K [0x0000000080000000, 0x0000000100000000)
  region size 1024K, 56 young (57344K), 4 survivors (4096K)
 Metaspace       used 99859K, capacity 102449K, committed 102588K, reserved 1138688K
  class space    used 12787K, capacity 13666K, committed 13736K, reserved 1048576K
}
Event: 48.794 GC heap after
{Heap after GC invocations=25 (full 0):
 garbage-first heap   total 196608K, used 104368K [0x0000000080000000, 0x0000000100000000)
  region size 1024K, 8 young (8192K), 8 survivors (8192K)
 Metaspace       used 99859K, capacity 102449K, committed 102588K, reserved 1138688K
  class space    used 12787K, capacity 13666K, committed 13736K, reserved 1048576K
}

